Using pre-set license
Built from '2020.2/staging' branch; Version is '2020.2.3f1 (8ff31bc5bf5b) revision 9433883'; Using compiler version '192528614'; Build Type 'Release'
OS: 'Windows 10 Pro; OS build 19041.804; Version 2004; 64bit' Language: 'en' Physical Memory: 16253 MB
BatchMode: 1, IsHumanControllingUs: 0, StartBugReporterOnCrash: 0, Is64bit: 1, IsPro: 0

 COMMAND LINE ARGUMENTS:
C:\Program Files\Unity\Editor\Unity.exe
-adb2
-batchMode
-noUpm
-name
AssetImportWorker0
-projectPath
C:/Repository/Own/UnityPatterns/UnityPatterns
-logFile
Logs/AssetImportWorker0.log
-srvPort
50498
Successfully changed project path to: C:/Repository/Own/UnityPatterns/UnityPatterns
C:/Repository/Own/UnityPatterns/UnityPatterns
Using Asset Import Pipeline V2.
Refreshing native plugins compatible for Editor in 36.33 ms, found 0 plugins.
Preloading 0 native plugins for Editor in 0.00 ms.
Initialize engine version: 2020.2.3f1 (8ff31bc5bf5b)
[Subsystems] Discovering subsystems at path C:/Program Files/Unity/Editor/Data/Resources/UnitySubsystems
[Subsystems] Discovering subsystems at path C:/Repository/Own/UnityPatterns/UnityPatterns/Assets
GfxDevice: creating device client; threaded=0
Direct3D:
    Version:  Direct3D 11.0 [level 11.1]
    Renderer: AMD Radeon HD 7700M Series (ID=0x682f)
    Vendor:   
    VRAM:     2027 MB
    Driver:   27.20.1034.6
Initialize mono
Mono path[0] = 'C:/Program Files/Unity/Editor/Data/Managed'
Mono path[1] = 'C:/Program Files/Unity/Editor/Data/MonoBleedingEdge/lib/mono/unityjit'
Mono config path = 'C:/Program Files/Unity/Editor/Data/MonoBleedingEdge/etc'
Using monoOptions --debugger-agent=transport=dt_socket,embedding=1,server=y,suspend=n,address=127.0.0.1:56704
Begin MonoManager ReloadAssembly
Registering precompiled unity dll's ...
Register platform support module: C:/Program Files/Unity/Editor/Data/PlaybackEngines/WebGLSupport/UnityEditor.WebGL.Extensions.dll
Register platform support module: C:/Program Files/Unity/Editor/Data/PlaybackEngines/WindowsStandaloneSupport/UnityEditor.WindowsStandalone.Extensions.dll
Registered in 0.003686 seconds.
Native extension for WindowsStandalone target not found
Native extension for WebGL target not found
Refreshing native plugins compatible for Editor in 38.76 ms, found 0 plugins.
Preloading 0 native plugins for Editor in 0.00 ms.
Invoked RoslynAnalysisRunner static constructor.
RoslynAnalysisRunner will not be running.
RoslynAnalysisRunner has terminated.
Mono: successfully reloaded assembly
- Completed reload, in  1.630 seconds
Platform modules already initialized, skipping
Registering precompiled user dll's ...
Registered in 0.001602 seconds.
Begin MonoManager ReloadAssembly
Native extension for WindowsStandalone target not found
Native extension for WebGL target not found
Refreshing native plugins compatible for Editor in 0.28 ms, found 0 plugins.
Preloading 0 native plugins for Editor in 0.00 ms.
Invoked RoslynAnalysisRunner static constructor.
RoslynAnalysisRunner will not be running.
RoslynAnalysisRunner has terminated.
Mono: successfully reloaded assembly
- Completed reload, in  1.207 seconds
Platform modules already initialized, skipping
========================================================================
Worker process is ready to serve import requests
Launched and connected shader compiler UnityShaderCompiler.exe after 0.06 seconds
Refreshing native plugins compatible for Editor in 0.28 ms, found 0 plugins.
Preloading 0 native plugins for Editor in 0.00 ms.
Unloading 1102 Unused Serialized files (Serialized files now loaded: 0)
System memory in use before: 56.6 MB.
System memory in use after: 56.7 MB.

Unloading 9 unused Assets to reduce memory usage. Loaded Objects now: 1545.
Total: 2.531900 ms (FindLiveObjects: 0.211400 ms CreateObjectMapping: 0.131100 ms MarkObjects: 2.098800 ms  DeleteObjects: 0.088800 ms)

========================================================================
Received Import Request.
  path: Assets/StaticAssets/Prefabs/Visitor/LaserBullet.prefab
  artifactKey: Guid(4316211351902df489efd387af86ef7b) Importer(815301076,1909f56bfc062723c751e8b465ee728b)
Start importing Assets/StaticAssets/Prefabs/Visitor/LaserBullet.prefab using Guid(4316211351902df489efd387af86ef7b) Importer(815301076,1909f56bfc062723c751e8b465ee728b)  -> (artifact id: '4bbacfbd040c151feae858748be812fc') in 0.170886 seconds
  Import took 0.174220 seconds .

========================================================================
Received Import Request.
  Time since last request: 1.120048 seconds.
  path: Assets/StaticAssets/Prefabs/Visitor/RicochetBullet.prefab
  artifactKey: Guid(5bc940577f1f02b4b8498fd03ff0bee7) Importer(815301076,1909f56bfc062723c751e8b465ee728b)
Start importing Assets/StaticAssets/Prefabs/Visitor/RicochetBullet.prefab using Guid(5bc940577f1f02b4b8498fd03ff0bee7) Importer(815301076,1909f56bfc062723c751e8b465ee728b)  -> (artifact id: 'c70b50d2f5776b3fe5ee4d4bcc5887bf') in 0.023476 seconds
  Import took 0.026406 seconds .

========================================================================
Received Import Request.
  Time since last request: 4.836833 seconds.
  path: Assets/StaticAssets/Prefabs/Visitor/SimpleBullet.prefab
  artifactKey: Guid(9b8191c75153b0549a62254c8d483e36) Importer(815301076,1909f56bfc062723c751e8b465ee728b)
Start importing Assets/StaticAssets/Prefabs/Visitor/SimpleBullet.prefab using Guid(9b8191c75153b0549a62254c8d483e36) Importer(815301076,1909f56bfc062723c751e8b465ee728b)  -> (artifact id: 'd04b85d7838f6941a5c31d815a863225') in 0.021166 seconds
  Import took 0.023939 seconds .

========================================================================
Received Import Request.
  Time since last request: 22.492595 seconds.
  path: Assets/Scripts/Visitor/ImplementationExample/Bullet.cs
  artifactKey: Guid(71491a4cf203ef64d944319b2cd538dd) Importer(815301076,1909f56bfc062723c751e8b465ee728b)
Start importing Assets/Scripts/Visitor/ImplementationExample/Bullet.cs using Guid(71491a4cf203ef64d944319b2cd538dd) Importer(815301076,1909f56bfc062723c751e8b465ee728b)  -> (artifact id: '562df08321972a694cd1beb5c8fc44e7') in 0.012842 seconds
  Import took 0.015332 seconds .

========================================================================
Received Import Request.
  Time since last request: 0.034025 seconds.
  path: Assets/Scripts/Visitor/ImplementationExample/Bullet.cs
  artifactKey: Guid(71491a4cf203ef64d944319b2cd538dd) Importer(815301076,1909f56bfc062723c751e8b465ee728b)
Start importing Assets/Scripts/Visitor/ImplementationExample/Bullet.cs using Guid(71491a4cf203ef64d944319b2cd538dd) Importer(815301076,1909f56bfc062723c751e8b465ee728b)  -> (artifact id: '562df08321972a694cd1beb5c8fc44e7') in 0.004595 seconds
  Import took 0.007908 seconds .

========================================================================
Received Import Request.
  Time since last request: 0.330977 seconds.
  path: Assets/Scripts/Visitor/ImplementationExample/BulletLaser.cs
  artifactKey: Guid(032b7bf8ceb999649b779fd61a7cd22d) Importer(815301076,1909f56bfc062723c751e8b465ee728b)
Start importing Assets/Scripts/Visitor/ImplementationExample/BulletLaser.cs using Guid(032b7bf8ceb999649b779fd61a7cd22d) Importer(815301076,1909f56bfc062723c751e8b465ee728b)  -> (artifact id: 'f3308f585c75899013862d7847c29d56') in 0.004060 seconds
  Import took 0.006621 seconds .

========================================================================
Received Import Request.
  Time since last request: 0.000453 seconds.
  path: Assets/Scripts/Visitor/ImplementationExample/BulletLaser.cs
  artifactKey: Guid(032b7bf8ceb999649b779fd61a7cd22d) Importer(815301076,1909f56bfc062723c751e8b465ee728b)
Start importing Assets/Scripts/Visitor/ImplementationExample/BulletLaser.cs using Guid(032b7bf8ceb999649b779fd61a7cd22d) Importer(815301076,1909f56bfc062723c751e8b465ee728b)  -> (artifact id: 'f3308f585c75899013862d7847c29d56') in 0.004126 seconds
  Import took 0.006591 seconds .

========================================================================
Received Import Request.
  Time since last request: 5.996050 seconds.
  path: Assets/Scripts/Visitor/ImplementationExample/LaserBullet.cs
  artifactKey: Guid(032b7bf8ceb999649b779fd61a7cd22d) Importer(815301076,1909f56bfc062723c751e8b465ee728b)
Start importing Assets/Scripts/Visitor/ImplementationExample/LaserBullet.cs using Guid(032b7bf8ceb999649b779fd61a7cd22d) Importer(815301076,1909f56bfc062723c751e8b465ee728b)  -> (artifact id: '13d91bd53770bff0f70159e5a9756dcb') in 0.003920 seconds
  Import took 0.006779 seconds .

========================================================================
Received Import Request.
  Time since last request: 0.963041 seconds.
  path: Assets/Scripts/Visitor/ImplementationExample/BulletSimple.cs
  artifactKey: Guid(cb8f4baefea5ddf479338a70377c65ac) Importer(815301076,1909f56bfc062723c751e8b465ee728b)
Start importing Assets/Scripts/Visitor/ImplementationExample/BulletSimple.cs using Guid(cb8f4baefea5ddf479338a70377c65ac) Importer(815301076,1909f56bfc062723c751e8b465ee728b)  -> (artifact id: 'd7d3e775d4eb63adc58606a4b0b0dd2e') in 0.005148 seconds
  Import took 0.008841 seconds .

========================================================================
Received Prepare
Registering precompiled user dll's ...
Registered in 0.000990 seconds.
Begin MonoManager ReloadAssembly
Native extension for WindowsStandalone target not found
Native extension for WebGL target not found
Refreshing native plugins compatible for Editor in 0.29 ms, found 0 plugins.
Preloading 0 native plugins for Editor in 0.00 ms.
Invoked RoslynAnalysisRunner static constructor.
RoslynAnalysisRunner will not be running.
RoslynAnalysisRunner has terminated.
Mono: successfully reloaded assembly
- Completed reload, in  1.290 seconds
Platform modules already initialized, skipping
Refreshing native plugins compatible for Editor in 0.28 ms, found 0 plugins.
Preloading 0 native plugins for Editor in 0.00 ms.
Unloading 1097 Unused Serialized files (Serialized files now loaded: 0)
System memory in use before: 59.7 MB.
System memory in use after: 59.8 MB.

Unloading 4 unused Assets to reduce memory usage. Loaded Objects now: 1555.
Total: 2.369600 ms (FindLiveObjects: 0.192300 ms CreateObjectMapping: 0.100600 ms MarkObjects: 2.053500 ms  DeleteObjects: 0.021400 ms)

========================================================================
Received Import Request.
  Time since last request: 8.253775 seconds.
  path: Assets/Scripts/Visitor/ImplementationExample/SimpleBullet.cs
  artifactKey: Guid(cb8f4baefea5ddf479338a70377c65ac) Importer(815301076,1909f56bfc062723c751e8b465ee728b)
Start importing Assets/Scripts/Visitor/ImplementationExample/SimpleBullet.cs using Guid(cb8f4baefea5ddf479338a70377c65ac) Importer(815301076,1909f56bfc062723c751e8b465ee728b)  -> (artifact id: '3f318fea421ecdb7639ee5571c41ed33') in 0.006470 seconds
  Import took 0.008996 seconds .

========================================================================
Received Prepare
Registering precompiled user dll's ...
Registered in 0.000937 seconds.
Begin MonoManager ReloadAssembly
Native extension for WindowsStandalone target not found
Native extension for WebGL target not found
Refreshing native plugins compatible for Editor in 0.28 ms, found 0 plugins.
Preloading 0 native plugins for Editor in 0.00 ms.
Invoked RoslynAnalysisRunner static constructor.
RoslynAnalysisRunner will not be running.
RoslynAnalysisRunner has terminated.
Mono: successfully reloaded assembly
- Completed reload, in  1.144 seconds
Platform modules already initialized, skipping
Refreshing native plugins compatible for Editor in 0.28 ms, found 0 plugins.
Preloading 0 native plugins for Editor in 0.00 ms.
Unloading 1097 Unused Serialized files (Serialized files now loaded: 0)
System memory in use before: 59.7 MB.
System memory in use after: 59.8 MB.

Unloading 4 unused Assets to reduce memory usage. Loaded Objects now: 1557.
Total: 2.302600 ms (FindLiveObjects: 0.217500 ms CreateObjectMapping: 0.127500 ms MarkObjects: 1.937700 ms  DeleteObjects: 0.018600 ms)

========================================================================
Received Import Request.
  Time since last request: 4.430809 seconds.
  path: Assets/Scripts/Visitor/ImplementationExample/BulletRicochet.cs
  artifactKey: Guid(3ea69cd15040ee94785a7fb7f7cdc933) Importer(815301076,1909f56bfc062723c751e8b465ee728b)
Start importing Assets/Scripts/Visitor/ImplementationExample/BulletRicochet.cs using Guid(3ea69cd15040ee94785a7fb7f7cdc933) Importer(815301076,1909f56bfc062723c751e8b465ee728b)  -> (artifact id: 'c36573b62596fd2498472d69be210616') in 0.011314 seconds
  Import took 0.014955 seconds .

========================================================================
Received Import Request.
  Time since last request: 4.634555 seconds.
  path: Assets/Scripts/Visitor/ImplementationExample/RicochetBullet.cs
  artifactKey: Guid(3ea69cd15040ee94785a7fb7f7cdc933) Importer(815301076,1909f56bfc062723c751e8b465ee728b)
Start importing Assets/Scripts/Visitor/ImplementationExample/RicochetBullet.cs using Guid(3ea69cd15040ee94785a7fb7f7cdc933) Importer(815301076,1909f56bfc062723c751e8b465ee728b)  -> (artifact id: 'b0b17bca13871088c1234bee87b6bc9e') in 0.004074 seconds
  Import took 0.006576 seconds .

========================================================================
Received Prepare
Registering precompiled user dll's ...
Registered in 0.000966 seconds.
Begin MonoManager ReloadAssembly
Native extension for WindowsStandalone target not found
Native extension for WebGL target not found
Refreshing native plugins compatible for Editor in 0.28 ms, found 0 plugins.
Preloading 0 native plugins for Editor in 0.00 ms.
Invoked RoslynAnalysisRunner static constructor.
RoslynAnalysisRunner will not be running.
RoslynAnalysisRunner has terminated.
Mono: successfully reloaded assembly
- Completed reload, in  1.148 seconds
Platform modules already initialized, skipping
Refreshing native plugins compatible for Editor in 0.27 ms, found 0 plugins.
Preloading 0 native plugins for Editor in 0.00 ms.
Unloading 1097 Unused Serialized files (Serialized files now loaded: 0)
System memory in use before: 59.8 MB.
System memory in use after: 59.9 MB.

Unloading 4 unused Assets to reduce memory usage. Loaded Objects now: 1559.
Total: 2.394100 ms (FindLiveObjects: 0.239700 ms CreateObjectMapping: 0.089300 ms MarkObjects: 2.044000 ms  DeleteObjects: 0.019400 ms)

========================================================================
Received Import Request.
  Time since last request: 6.760064 seconds.
  path: Assets/Scripts/Visitor/ImplementationExample/VisitorData.cs
  artifactKey: Guid(3c481aeac89e8cb4e91d5551a1725f2c) Importer(815301076,1909f56bfc062723c751e8b465ee728b)
Start importing Assets/Scripts/Visitor/ImplementationExample/VisitorData.cs using Guid(3c481aeac89e8cb4e91d5551a1725f2c) Importer(815301076,1909f56bfc062723c751e8b465ee728b)  -> (artifact id: '05af4115d867021af953d9e7dfdf8dc5') in 0.011833 seconds
  Import took 0.014367 seconds .

========================================================================
Received Import Request.
  Time since last request: 0.481363 seconds.
  path: Assets/Scripts/Visitor/ImplementationExample/Wall.cs
  artifactKey: Guid(8d6c1c978faf0fc4ba8599c15e98cc98) Importer(815301076,1909f56bfc062723c751e8b465ee728b)
Start importing Assets/Scripts/Visitor/ImplementationExample/Wall.cs using Guid(8d6c1c978faf0fc4ba8599c15e98cc98) Importer(815301076,1909f56bfc062723c751e8b465ee728b)  -> (artifact id: 'a0b5f7bf80c1ee250e419cf9ecdda3b8') in 0.009545 seconds
  Import took 0.012029 seconds .

========================================================================
Received Import Request.
  Time since last request: 0.339066 seconds.
  path: Assets/Scripts/Visitor/ImplementationExample/WallHolderCloth.cs
  artifactKey: Guid(442142a04fbe847479288550d6228f0c) Importer(815301076,1909f56bfc062723c751e8b465ee728b)
Start importing Assets/Scripts/Visitor/ImplementationExample/WallHolderCloth.cs using Guid(442142a04fbe847479288550d6228f0c) Importer(815301076,1909f56bfc062723c751e8b465ee728b)  -> (artifact id: '57d52581b646c97563120061a005fb1d') in 0.009753 seconds
  Import took 0.012456 seconds .

========================================================================
Received Import Request.
  Time since last request: 2.610273 seconds.
  path: Assets/Scripts/Visitor/ImplementationExample/WallHolderSimple.cs
  artifactKey: Guid(4e91f5253191dbc4e88263c7a9e78646) Importer(815301076,1909f56bfc062723c751e8b465ee728b)
Start importing Assets/Scripts/Visitor/ImplementationExample/WallHolderSimple.cs using Guid(4e91f5253191dbc4e88263c7a9e78646) Importer(815301076,1909f56bfc062723c751e8b465ee728b)  -> (artifact id: '1d7b1cc7827b28fa21655cfe6306e4fa') in 0.009479 seconds
  Import took 0.012550 seconds .

========================================================================
Received Import Request.
  Time since last request: 8.995799 seconds.
  path: Assets/Scripts/Visitor/ImplementationExample/ClothWallHolder.cs
  artifactKey: Guid(442142a04fbe847479288550d6228f0c) Importer(815301076,1909f56bfc062723c751e8b465ee728b)
Start importing Assets/Scripts/Visitor/ImplementationExample/ClothWallHolder.cs using Guid(442142a04fbe847479288550d6228f0c) Importer(815301076,1909f56bfc062723c751e8b465ee728b)  -> (artifact id: '73345472573511e4cd671e686357f2cf') in 0.010887 seconds
  Import took 0.014241 seconds .

========================================================================
Received Prepare
Registering precompiled user dll's ...
Registered in 0.000922 seconds.
Begin MonoManager ReloadAssembly
Native extension for WindowsStandalone target not found
Native extension for WebGL target not found
Refreshing native plugins compatible for Editor in 0.27 ms, found 0 plugins.
Preloading 0 native plugins for Editor in 0.00 ms.
Invoked RoslynAnalysisRunner static constructor.
RoslynAnalysisRunner will not be running.
RoslynAnalysisRunner has terminated.
Mono: successfully reloaded assembly
- Completed reload, in  1.125 seconds
Platform modules already initialized, skipping
Refreshing native plugins compatible for Editor in 0.27 ms, found 0 plugins.
Preloading 0 native plugins for Editor in 0.00 ms.
Unloading 1097 Unused Serialized files (Serialized files now loaded: 0)
System memory in use before: 59.8 MB.
System memory in use after: 59.9 MB.

Unloading 4 unused Assets to reduce memory usage. Loaded Objects now: 1561.
Total: 2.112600 ms (FindLiveObjects: 0.154100 ms CreateObjectMapping: 0.055200 ms MarkObjects: 1.874600 ms  DeleteObjects: 0.027100 ms)

========================================================================
Received Import Request.
  Time since last request: 4.340066 seconds.
  path: Assets/Scripts/Visitor/ImplementationExample/Weapon.cs
  artifactKey: Guid(df414a75850cb3a4fbc3cb841ee00867) Importer(815301076,1909f56bfc062723c751e8b465ee728b)
Start importing Assets/Scripts/Visitor/ImplementationExample/Weapon.cs using Guid(df414a75850cb3a4fbc3cb841ee00867) Importer(815301076,1909f56bfc062723c751e8b465ee728b)  -> (artifact id: '11d0a6bd71482ba5dc26a0b6fed886bd') in 0.011199 seconds
  Import took 0.013652 seconds .

========================================================================
Received Prepare
Registering precompiled user dll's ...
Registered in 0.000955 seconds.
Begin MonoManager ReloadAssembly
Native extension for WindowsStandalone target not found
Native extension for WebGL target not found
Refreshing native plugins compatible for Editor in 0.28 ms, found 0 plugins.
Preloading 0 native plugins for Editor in 0.00 ms.
Invoked RoslynAnalysisRunner static constructor.
RoslynAnalysisRunner will not be running.
RoslynAnalysisRunner has terminated.
Mono: successfully reloaded assembly
- Completed reload, in  1.123 seconds
Platform modules already initialized, skipping
Refreshing native plugins compatible for Editor in 0.27 ms, found 0 plugins.
Preloading 0 native plugins for Editor in 0.00 ms.
Unloading 1097 Unused Serialized files (Serialized files now loaded: 0)
System memory in use before: 59.8 MB.
System memory in use after: 59.9 MB.

Unloading 4 unused Assets to reduce memory usage. Loaded Objects now: 1563.
Total: 2.176600 ms (FindLiveObjects: 0.164800 ms CreateObjectMapping: 0.066400 ms MarkObjects: 1.923300 ms  DeleteObjects: 0.020000 ms)

========================================================================
Received Prepare
Registering precompiled user dll's ...
Registered in 0.000915 seconds.
Begin MonoManager ReloadAssembly
Native extension for WindowsStandalone target not found
Native extension for WebGL target not found
Refreshing native plugins compatible for Editor in 0.27 ms, found 0 plugins.
Preloading 0 native plugins for Editor in 0.00 ms.
Invoked RoslynAnalysisRunner static constructor.
RoslynAnalysisRunner will not be running.
RoslynAnalysisRunner has terminated.
Mono: successfully reloaded assembly
- Completed reload, in  1.188 seconds
Platform modules already initialized, skipping
Refreshing native plugins compatible for Editor in 0.28 ms, found 0 plugins.
Preloading 0 native plugins for Editor in 0.00 ms.
Unloading 1097 Unused Serialized files (Serialized files now loaded: 0)
System memory in use before: 59.8 MB.
System memory in use after: 59.9 MB.

Unloading 4 unused Assets to reduce memory usage. Loaded Objects now: 1565.
Total: 2.024000 ms (FindLiveObjects: 0.176000 ms CreateObjectMapping: 0.064400 ms MarkObjects: 1.763800 ms  DeleteObjects: 0.018100 ms)

========================================================================
Received Prepare
Registering precompiled user dll's ...
Registered in 0.001057 seconds.
Begin MonoManager ReloadAssembly
Native extension for WindowsStandalone target not found
Native extension for WebGL target not found
Refreshing native plugins compatible for Editor in 0.28 ms, found 0 plugins.
Preloading 0 native plugins for Editor in 0.00 ms.
Invoked RoslynAnalysisRunner static constructor.
RoslynAnalysisRunner will not be running.
RoslynAnalysisRunner has terminated.
Mono: successfully reloaded assembly
- Completed reload, in  1.131 seconds
Platform modules already initialized, skipping
Refreshing native plugins compatible for Editor in 0.27 ms, found 0 plugins.
Preloading 0 native plugins for Editor in 0.00 ms.
Unloading 1097 Unused Serialized files (Serialized files now loaded: 0)
System memory in use before: 59.8 MB.
System memory in use after: 59.9 MB.

Unloading 4 unused Assets to reduce memory usage. Loaded Objects now: 1567.
Total: 2.109200 ms (FindLiveObjects: 0.160000 ms CreateObjectMapping: 0.064300 ms MarkObjects: 1.863800 ms  DeleteObjects: 0.019300 ms)

========================================================================
Received Prepare
Registering precompiled user dll's ...
Registered in 0.000968 seconds.
Begin MonoManager ReloadAssembly
Native extension for WindowsStandalone target not found
Native extension for WebGL target not found
Refreshing native plugins compatible for Editor in 0.32 ms, found 0 plugins.
Preloading 0 native plugins for Editor in 0.00 ms.
Invoked RoslynAnalysisRunner static constructor.
RoslynAnalysisRunner will not be running.
RoslynAnalysisRunner has terminated.
Mono: successfully reloaded assembly
- Completed reload, in  1.166 seconds
Platform modules already initialized, skipping
Refreshing native plugins compatible for Editor in 0.28 ms, found 0 plugins.
Preloading 0 native plugins for Editor in 0.00 ms.
Unloading 1097 Unused Serialized files (Serialized files now loaded: 0)
System memory in use before: 59.8 MB.
System memory in use after: 59.9 MB.

Unloading 4 unused Assets to reduce memory usage. Loaded Objects now: 1569.
Total: 2.212500 ms (FindLiveObjects: 0.227900 ms CreateObjectMapping: 0.053700 ms MarkObjects: 1.910800 ms  DeleteObjects: 0.018000 ms)

========================================================================
Received Prepare
Registering precompiled user dll's ...
Registered in 0.000932 seconds.
Begin MonoManager ReloadAssembly
Native extension for WindowsStandalone target not found
Native extension for WebGL target not found
Refreshing native plugins compatible for Editor in 0.27 ms, found 0 plugins.
Preloading 0 native plugins for Editor in 0.00 ms.
Invoked RoslynAnalysisRunner static constructor.
RoslynAnalysisRunner will not be running.
RoslynAnalysisRunner has terminated.
Mono: successfully reloaded assembly
- Completed reload, in  1.113 seconds
Platform modules already initialized, skipping
Refreshing native plugins compatible for Editor in 0.28 ms, found 0 plugins.
Preloading 0 native plugins for Editor in 0.00 ms.
Unloading 1097 Unused Serialized files (Serialized files now loaded: 0)
System memory in use before: 59.8 MB.
System memory in use after: 59.9 MB.

Unloading 4 unused Assets to reduce memory usage. Loaded Objects now: 1571.
Total: 2.311200 ms (FindLiveObjects: 0.356700 ms CreateObjectMapping: 0.112800 ms MarkObjects: 1.817000 ms  DeleteObjects: 0.022600 ms)

========================================================================
Received Import Request.
  Time since last request: 94.880952 seconds.
  path: Assets/Scripts/Visitor/ImplementationExample/BulletS
  artifactKey: Guid(8e9c1aceb13ee4f42834b69b0e44a47d) Importer(815301076,1909f56bfc062723c751e8b465ee728b)
Start importing Assets/Scripts/Visitor/ImplementationExample/BulletS using Guid(8e9c1aceb13ee4f42834b69b0e44a47d) Importer(815301076,1909f56bfc062723c751e8b465ee728b)  -> (artifact id: '876ccc9fdfba3699890008647f2f4898') in 0.012230 seconds
  Import took 0.014822 seconds .

========================================================================
Received Prepare
Registering precompiled user dll's ...
Registered in 0.001024 seconds.
Begin MonoManager ReloadAssembly
Native extension for WindowsStandalone target not found
Native extension for WebGL target not found
Refreshing native plugins compatible for Editor in 0.28 ms, found 0 plugins.
Preloading 0 native plugins for Editor in 0.00 ms.
Invoked RoslynAnalysisRunner static constructor.
RoslynAnalysisRunner will not be running.
RoslynAnalysisRunner has terminated.
Mono: successfully reloaded assembly
- Completed reload, in  1.125 seconds
Platform modules already initialized, skipping
Refreshing native plugins compatible for Editor in 0.30 ms, found 0 plugins.
Preloading 0 native plugins for Editor in 0.00 ms.
Unloading 1097 Unused Serialized files (Serialized files now loaded: 0)
System memory in use before: 59.8 MB.
System memory in use after: 59.9 MB.

Unloading 4 unused Assets to reduce memory usage. Loaded Objects now: 1573.
Total: 2.179000 ms (FindLiveObjects: 0.148200 ms CreateObjectMapping: 0.051300 ms MarkObjects: 1.958700 ms  DeleteObjects: 0.019300 ms)

========================================================================
Received Import Request.
  Time since last request: 11.066996 seconds.
  path: Assets/Scripts/Visitor/ImplementationExample/Bullet
  artifactKey: Guid(8e9c1aceb13ee4f42834b69b0e44a47d) Importer(815301076,1909f56bfc062723c751e8b465ee728b)
Start importing Assets/Scripts/Visitor/ImplementationExample/Bullet using Guid(8e9c1aceb13ee4f42834b69b0e44a47d) Importer(815301076,1909f56bfc062723c751e8b465ee728b)  -> (artifact id: '30be11568ab34d86e6a59e3d00c32dc8') in 0.013957 seconds
  Import took 0.017176 seconds .

========================================================================
Received Prepare
Registering precompiled user dll's ...
Registered in 0.000981 seconds.
Begin MonoManager ReloadAssembly
Native extension for WindowsStandalone target not found
Native extension for WebGL target not found
Refreshing native plugins compatible for Editor in 0.28 ms, found 0 plugins.
Preloading 0 native plugins for Editor in 0.00 ms.
Invoked RoslynAnalysisRunner static constructor.
RoslynAnalysisRunner will not be running.
RoslynAnalysisRunner has terminated.
Mono: successfully reloaded assembly
- Completed reload, in  1.120 seconds
Platform modules already initialized, skipping
Refreshing native plugins compatible for Editor in 0.29 ms, found 0 plugins.
Preloading 0 native plugins for Editor in 0.00 ms.
Unloading 1097 Unused Serialized files (Serialized files now loaded: 0)
System memory in use before: 59.8 MB.
System memory in use after: 59.9 MB.

Unloading 4 unused Assets to reduce memory usage. Loaded Objects now: 1575.
Total: 2.325600 ms (FindLiveObjects: 0.224300 ms CreateObjectMapping: 0.100400 ms MarkObjects: 1.972300 ms  DeleteObjects: 0.027400 ms)

========================================================================
Received Import Request.
  Time since last request: 7.680614 seconds.
  path: Assets/Scripts/Visitor/ImplementationExample/Wall
  artifactKey: Guid(d62e3d8e08faa8447ba21686598c2ff5) Importer(815301076,1909f56bfc062723c751e8b465ee728b)
Start importing Assets/Scripts/Visitor/ImplementationExample/Wall using Guid(d62e3d8e08faa8447ba21686598c2ff5) Importer(815301076,1909f56bfc062723c751e8b465ee728b)  -> (artifact id: '22795752268a396dae4dbffcdccf67ff') in 0.006674 seconds
  Import took 0.009483 seconds .

========================================================================
Received Import Request.
  Time since last request: 0.011734 seconds.
  path: Assets/Scripts/Visitor/ImplementationExample/Wall
  artifactKey: Guid(d62e3d8e08faa8447ba21686598c2ff5) Importer(815301076,1909f56bfc062723c751e8b465ee728b)
Start importing Assets/Scripts/Visitor/ImplementationExample/Wall using Guid(d62e3d8e08faa8447ba21686598c2ff5) Importer(815301076,1909f56bfc062723c751e8b465ee728b)  -> (artifact id: '22795752268a396dae4dbffcdccf67ff') in 0.004038 seconds
  Import took 0.006592 seconds .

========================================================================
Received Prepare
Registering precompiled user dll's ...
Registered in 0.000967 seconds.
Begin MonoManager ReloadAssembly
Native extension for WindowsStandalone target not found
Native extension for WebGL target not found
Refreshing native plugins compatible for Editor in 0.27 ms, found 0 plugins.
Preloading 0 native plugins for Editor in 0.00 ms.
Invoked RoslynAnalysisRunner static constructor.
RoslynAnalysisRunner will not be running.
RoslynAnalysisRunner has terminated.
Mono: successfully reloaded assembly
- Completed reload, in  1.120 seconds
Platform modules already initialized, skipping
Refreshing native plugins compatible for Editor in 0.28 ms, found 0 plugins.
Preloading 0 native plugins for Editor in 0.00 ms.
Unloading 1097 Unused Serialized files (Serialized files now loaded: 0)
System memory in use before: 59.8 MB.
System memory in use after: 59.9 MB.

Unloading 4 unused Assets to reduce memory usage. Loaded Objects now: 1577.
Total: 2.008800 ms (FindLiveObjects: 0.161200 ms CreateObjectMapping: 0.070000 ms MarkObjects: 1.750000 ms  DeleteObjects: 0.025900 ms)

========================================================================
Received Prepare
Registering precompiled user dll's ...
Registered in 0.000949 seconds.
Begin MonoManager ReloadAssembly
Native extension for WindowsStandalone target not found
Native extension for WebGL target not found
Refreshing native plugins compatible for Editor in 0.28 ms, found 0 plugins.
Preloading 0 native plugins for Editor in 0.00 ms.
Invoked RoslynAnalysisRunner static constructor.
RoslynAnalysisRunner will not be running.
RoslynAnalysisRunner has terminated.
Mono: successfully reloaded assembly
- Completed reload, in  1.120 seconds
Platform modules already initialized, skipping
Refreshing native plugins compatible for Editor in 0.28 ms, found 0 plugins.
Preloading 0 native plugins for Editor in 0.00 ms.
Unloading 1097 Unused Serialized files (Serialized files now loaded: 0)
System memory in use before: 59.8 MB.
System memory in use after: 59.9 MB.

Unloading 4 unused Assets to reduce memory usage. Loaded Objects now: 1579.
Total: 1.965600 ms (FindLiveObjects: 0.183100 ms CreateObjectMapping: 0.054600 ms MarkObjects: 1.707600 ms  DeleteObjects: 0.018400 ms)

========================================================================
Received Import Request.
  Time since last request: 23.847870 seconds.
  path: Assets/Scripts/Visitor/ImplementationExample/Wall/SimpleWallHolder.cs
  artifactKey: Guid(4e91f5253191dbc4e88263c7a9e78646) Importer(815301076,1909f56bfc062723c751e8b465ee728b)
Start importing Assets/Scripts/Visitor/ImplementationExample/Wall/SimpleWallHolder.cs using Guid(4e91f5253191dbc4e88263c7a9e78646) Importer(815301076,1909f56bfc062723c751e8b465ee728b)  -> (artifact id: '82fe0c0901126cf70d1fb8035538f172') in 0.013980 seconds
  Import took 0.016974 seconds .

========================================================================
Received Prepare
Registering precompiled user dll's ...
Registered in 0.000966 seconds.
Begin MonoManager ReloadAssembly
Native extension for WindowsStandalone target not found
Native extension for WebGL target not found
Refreshing native plugins compatible for Editor in 0.74 ms, found 0 plugins.
Preloading 0 native plugins for Editor in 0.00 ms.
Invoked RoslynAnalysisRunner static constructor.
RoslynAnalysisRunner will not be running.
RoslynAnalysisRunner has terminated.
Mono: successfully reloaded assembly
- Completed reload, in  1.231 seconds
Platform modules already initialized, skipping
Refreshing native plugins compatible for Editor in 0.29 ms, found 0 plugins.
Preloading 0 native plugins for Editor in 0.00 ms.
Unloading 1097 Unused Serialized files (Serialized files now loaded: 0)
System memory in use before: 59.8 MB.
System memory in use after: 59.9 MB.

Unloading 4 unused Assets to reduce memory usage. Loaded Objects now: 1581.
Total: 2.907100 ms (FindLiveObjects: 0.246200 ms CreateObjectMapping: 0.055900 ms MarkObjects: 2.563700 ms  DeleteObjects: 0.038300 ms)

========================================================================
Received Prepare
Registering precompiled user dll's ...
Registered in 0.000961 seconds.
Begin MonoManager ReloadAssembly
Native extension for WindowsStandalone target not found
Native extension for WebGL target not found
Refreshing native plugins compatible for Editor in 0.28 ms, found 0 plugins.
Preloading 0 native plugins for Editor in 0.00 ms.
Invoked RoslynAnalysisRunner static constructor.
RoslynAnalysisRunner will not be running.
RoslynAnalysisRunner has terminated.
Mono: successfully reloaded assembly
- Completed reload, in  1.127 seconds
Platform modules already initialized, skipping
Refreshing native plugins compatible for Editor in 0.28 ms, found 0 plugins.
Preloading 0 native plugins for Editor in 0.00 ms.
Unloading 1097 Unused Serialized files (Serialized files now loaded: 0)
System memory in use before: 59.8 MB.
System memory in use after: 59.9 MB.

Unloading 4 unused Assets to reduce memory usage. Loaded Objects now: 1583.
Total: 2.315900 ms (FindLiveObjects: 0.221100 ms CreateObjectMapping: 0.104900 ms MarkObjects: 1.962100 ms  DeleteObjects: 0.026200 ms)

========================================================================
Received Import Request.
  Time since last request: 83.852809 seconds.
  path: Assets/Scripts/Visitor/ImplementationExample/Wall/SimpleWallHolder.cs
  artifactKey: Guid(4e91f5253191dbc4e88263c7a9e78646) Importer(815301076,1909f56bfc062723c751e8b465ee728b)
Start importing Assets/Scripts/Visitor/ImplementationExample/Wall/SimpleWallHolder.cs using Guid(4e91f5253191dbc4e88263c7a9e78646) Importer(815301076,1909f56bfc062723c751e8b465ee728b)  -> (artifact id: '1d90557b8879eeefecceb3f333950f44') in 0.007244 seconds
  Import took 0.010001 seconds .

========================================================================
Received Prepare
Registering precompiled user dll's ...
Registered in 0.001024 seconds.
Begin MonoManager ReloadAssembly
Native extension for WindowsStandalone target not found
Native extension for WebGL target not found
Refreshing native plugins compatible for Editor in 0.29 ms, found 0 plugins.
Preloading 0 native plugins for Editor in 0.00 ms.
Invoked RoslynAnalysisRunner static constructor.
RoslynAnalysisRunner will not be running.
RoslynAnalysisRunner has terminated.
Mono: successfully reloaded assembly
- Completed reload, in  1.248 seconds
Platform modules already initialized, skipping
Refreshing native plugins compatible for Editor in 0.29 ms, found 0 plugins.
Preloading 0 native plugins for Editor in 0.00 ms.
Unloading 1097 Unused Serialized files (Serialized files now loaded: 0)
System memory in use before: 59.8 MB.
System memory in use after: 59.9 MB.

Unloading 4 unused Assets to reduce memory usage. Loaded Objects now: 1585.
Total: 2.343200 ms (FindLiveObjects: 0.205400 ms CreateObjectMapping: 0.100000 ms MarkObjects: 2.014700 ms  DeleteObjects: 0.021400 ms)

========================================================================
Received Prepare
Registering precompiled user dll's ...
Registered in 0.000971 seconds.
Begin MonoManager ReloadAssembly
Native extension for WindowsStandalone target not found
Native extension for WebGL target not found
Refreshing native plugins compatible for Editor in 0.29 ms, found 0 plugins.
Preloading 0 native plugins for Editor in 0.00 ms.
Invoked RoslynAnalysisRunner static constructor.
RoslynAnalysisRunner will not be running.
RoslynAnalysisRunner has terminated.
Mono: successfully reloaded assembly
- Completed reload, in  1.230 seconds
Platform modules already initialized, skipping
Refreshing native plugins compatible for Editor in 0.32 ms, found 0 plugins.
Preloading 0 native plugins for Editor in 0.00 ms.
Unloading 1097 Unused Serialized files (Serialized files now loaded: 0)
System memory in use before: 59.8 MB.
System memory in use after: 59.9 MB.

Unloading 4 unused Assets to reduce memory usage. Loaded Objects now: 1587.
Total: 2.451300 ms (FindLiveObjects: 0.202200 ms CreateObjectMapping: 0.114200 ms MarkObjects: 2.108000 ms  DeleteObjects: 0.025300 ms)

========================================================================
Received Prepare
Registering precompiled user dll's ...
Registered in 0.000983 seconds.
Begin MonoManager ReloadAssembly
Native extension for WindowsStandalone target not found
Native extension for WebGL target not found
Refreshing native plugins compatible for Editor in 0.29 ms, found 0 plugins.
Preloading 0 native plugins for Editor in 0.00 ms.
Invoked RoslynAnalysisRunner static constructor.
RoslynAnalysisRunner will not be running.
RoslynAnalysisRunner has terminated.
Mono: successfully reloaded assembly
- Completed reload, in  1.470 seconds
Platform modules already initialized, skipping
Refreshing native plugins compatible for Editor in 0.43 ms, found 0 plugins.
Preloading 0 native plugins for Editor in 0.00 ms.
Unloading 1097 Unused Serialized files (Serialized files now loaded: 0)
System memory in use before: 59.8 MB.
System memory in use after: 59.9 MB.

Unloading 4 unused Assets to reduce memory usage. Loaded Objects now: 1589.
Total: 3.122700 ms (FindLiveObjects: 0.263600 ms CreateObjectMapping: 0.073500 ms MarkObjects: 2.749600 ms  DeleteObjects: 0.032800 ms)

========================================================================
Received Prepare
Registering precompiled user dll's ...
Registered in 0.001046 seconds.
Begin MonoManager ReloadAssembly
Native extension for WindowsStandalone target not found
Native extension for WebGL target not found
Refreshing native plugins compatible for Editor in 0.31 ms, found 0 plugins.
Preloading 0 native plugins for Editor in 0.00 ms.
Invoked RoslynAnalysisRunner static constructor.
RoslynAnalysisRunner will not be running.
RoslynAnalysisRunner has terminated.
Mono: successfully reloaded assembly
- Completed reload, in  1.123 seconds
Platform modules already initialized, skipping
Refreshing native plugins compatible for Editor in 0.27 ms, found 0 plugins.
Preloading 0 native plugins for Editor in 0.00 ms.
Unloading 1097 Unused Serialized files (Serialized files now loaded: 0)
System memory in use before: 59.8 MB.
System memory in use after: 59.9 MB.

Unloading 4 unused Assets to reduce memory usage. Loaded Objects now: 1591.
Total: 2.167800 ms (FindLiveObjects: 0.190900 ms CreateObjectMapping: 0.072000 ms MarkObjects: 1.882700 ms  DeleteObjects: 0.020700 ms)

========================================================================
Received Import Request.
  Time since last request: 186.959323 seconds.
  path: Assets/Scripts/Visitor/ImplementationExample/Bullet/RicochetBullet.cs
  artifactKey: Guid(3ea69cd15040ee94785a7fb7f7cdc933) Importer(815301076,1909f56bfc062723c751e8b465ee728b)
Start importing Assets/Scripts/Visitor/ImplementationExample/Bullet/RicochetBullet.cs using Guid(3ea69cd15040ee94785a7fb7f7cdc933) Importer(815301076,1909f56bfc062723c751e8b465ee728b)  -> (artifact id: '4288f870afd3caba0f8470f4441c45d1') in 0.006780 seconds
  Import took 0.009697 seconds .

========================================================================
Received Prepare
Registering precompiled user dll's ...
Registered in 0.000914 seconds.
Begin MonoManager ReloadAssembly
Native extension for WindowsStandalone target not found
Native extension for WebGL target not found
Refreshing native plugins compatible for Editor in 0.28 ms, found 0 plugins.
Preloading 0 native plugins for Editor in 0.00 ms.
Invoked RoslynAnalysisRunner static constructor.
RoslynAnalysisRunner will not be running.
RoslynAnalysisRunner has terminated.
Mono: successfully reloaded assembly
- Completed reload, in  1.129 seconds
Platform modules already initialized, skipping
Refreshing native plugins compatible for Editor in 0.28 ms, found 0 plugins.
Preloading 0 native plugins for Editor in 0.00 ms.
Unloading 1097 Unused Serialized files (Serialized files now loaded: 0)
System memory in use before: 59.8 MB.
System memory in use after: 59.9 MB.

Unloading 4 unused Assets to reduce memory usage. Loaded Objects now: 1593.
Total: 2.068200 ms (FindLiveObjects: 0.161000 ms CreateObjectMapping: 0.054600 ms MarkObjects: 1.833300 ms  DeleteObjects: 0.017800 ms)

AssetImportWorkerClient::OnTransportError - code=2 error=End of file
